{"/home/dhivya/Documents/Zemoso repos/Bootcamp20-ClearedIn/WebUi/src/Components/Atoms/navIcon/NavIcon.js": {"path":"/home/dhivya/Documents/Zemoso repos/Bootcamp20-ClearedIn/WebUi/src/Components/Atoms/navIcon/NavIcon.js","statementMap":{"0":{"start":{"line":6,"column":18},"end":{"line":11,"column":2}},"1":{"start":{"line":13,"column":16},"end":{"line":26,"column":1}},"2":{"start":{"line":14,"column":18},"end":{"line":14,"column":29}},"3":{"start":{"line":15,"column":2},"end":{"line":25,"column":4}},"4":{"start":{"line":28,"column":0},"end":{"line":32,"column":2}},"5":{"start":{"line":34,"column":0},"end":{"line":36,"column":2}}},"fnMap":{"0":{"name":"(anonymous_0)","decl":{"start":{"line":13,"column":16},"end":{"line":13,"column":17}},"loc":{"start":{"line":13,"column":48},"end":{"line":26,"column":1}},"line":13}},"branchMap":{"0":{"loc":{"start":{"line":16,"column":4},"end":{"line":24,"column":5}},"type":"cond-expr","locations":[{"start":{"line":17,"column":6},"end":{"line":19,"column":13}},{"start":{"line":22,"column":6},"end":{"line":22,"column":100}}],"line":16}},"s":{"0":2,"1":2,"2":8,"3":8,"4":2,"5":2},"f":{"0":8},"b":{"0":[3,5]},"_coverageSchema":"1a1c01bbd47fc00a2c39e90264f33305004495a9","hash":"6b2c74df3399fcbfa46489874d8eb7c04bf549bf"}
,"/home/dhivya/Documents/Zemoso repos/Bootcamp20-ClearedIn/WebUi/src/Components/Atoms/textIcon/TextIcon.js": {"path":"/home/dhivya/Documents/Zemoso repos/Bootcamp20-ClearedIn/WebUi/src/Components/Atoms/textIcon/TextIcon.js","statementMap":{"0":{"start":{"line":5,"column":17},"end":{"line":7,"column":1}},"1":{"start":{"line":6,"column":2},"end":{"line":6,"column":21}},"2":{"start":{"line":9,"column":0},"end":{"line":11,"column":2}}},"fnMap":{"0":{"name":"(anonymous_0)","decl":{"start":{"line":5,"column":17},"end":{"line":5,"column":18}},"loc":{"start":{"line":6,"column":2},"end":{"line":6,"column":21}},"line":6}},"branchMap":{},"s":{"0":1,"1":2,"2":1},"f":{"0":2},"b":{},"_coverageSchema":"1a1c01bbd47fc00a2c39e90264f33305004495a9","hash":"2829ee73f699e0ac127c5029c393351956c3fa81"}
,"/home/dhivya/Documents/Zemoso repos/Bootcamp20-ClearedIn/WebUi/src/Components/Molecules/PlatformCard/PlatformCard.js": {"path":"/home/dhivya/Documents/Zemoso repos/Bootcamp20-ClearedIn/WebUi/src/Components/Molecules/PlatformCard/PlatformCard.js","statementMap":{"0":{"start":{"line":8,"column":18},"end":{"line":46,"column":2}},"1":{"start":{"line":48,"column":21},"end":{"line":135,"column":1}},"2":{"start":{"line":49,"column":18},"end":{"line":49,"column":29}},"3":{"start":{"line":51,"column":18},"end":{"line":51,"column":30}},"4":{"start":{"line":53,"column":18},"end":{"line":53,"column":26}},"5":{"start":{"line":54,"column":21},"end":{"line":54,"column":29}},"6":{"start":{"line":55,"column":19},"end":{"line":55,"column":27}},"7":{"start":{"line":56,"column":19},"end":{"line":56,"column":27}},"8":{"start":{"line":58,"column":18},"end":{"line":63,"column":3}},"9":{"start":{"line":59,"column":4},"end":{"line":59,"column":43}},"10":{"start":{"line":60,"column":4},"end":{"line":60,"column":47}},"11":{"start":{"line":61,"column":4},"end":{"line":61,"column":45}},"12":{"start":{"line":62,"column":4},"end":{"line":62,"column":67}},"13":{"start":{"line":65,"column":18},"end":{"line":70,"column":3}},"14":{"start":{"line":66,"column":4},"end":{"line":66,"column":44}},"15":{"start":{"line":67,"column":4},"end":{"line":67,"column":46}},"16":{"start":{"line":68,"column":4},"end":{"line":68,"column":44}},"17":{"start":{"line":69,"column":4},"end":{"line":69,"column":67}},"18":{"start":{"line":72,"column":2},"end":{"line":134,"column":4}},"19":{"start":{"line":121,"column":29},"end":{"line":121,"column":53}},"20":{"start":{"line":137,"column":0},"end":{"line":141,"column":2}},"21":{"start":{"line":143,"column":0},"end":{"line":145,"column":2}}},"fnMap":{"0":{"name":"(anonymous_0)","decl":{"start":{"line":48,"column":21},"end":{"line":48,"column":22}},"loc":{"start":{"line":48,"column":49},"end":{"line":135,"column":1}},"line":48},"1":{"name":"(anonymous_1)","decl":{"start":{"line":58,"column":18},"end":{"line":58,"column":19}},"loc":{"start":{"line":58,"column":24},"end":{"line":63,"column":3}},"line":58},"2":{"name":"(anonymous_2)","decl":{"start":{"line":65,"column":18},"end":{"line":65,"column":19}},"loc":{"start":{"line":65,"column":24},"end":{"line":70,"column":3}},"line":65},"3":{"name":"(anonymous_3)","decl":{"start":{"line":121,"column":23},"end":{"line":121,"column":24}},"loc":{"start":{"line":121,"column":29},"end":{"line":121,"column":53}},"line":121}},"branchMap":{},"s":{"0":2,"1":2,"2":20,"3":20,"4":20,"5":20,"6":20,"7":20,"8":20,"9":1,"10":1,"11":1,"12":1,"13":20,"14":1,"15":1,"16":1,"17":1,"18":20,"19":0,"20":2,"21":2},"f":{"0":20,"1":1,"2":1,"3":0},"b":{},"_coverageSchema":"1a1c01bbd47fc00a2c39e90264f33305004495a9","hash":"f2a057c0365af469e13a07b7e59eae1e26b62b81"}
,"/home/dhivya/Documents/Zemoso repos/Bootcamp20-ClearedIn/WebUi/src/Components/Molecules/Tab/Tab.js": {"path":"/home/dhivya/Documents/Zemoso repos/Bootcamp20-ClearedIn/WebUi/src/Components/Molecules/Tab/Tab.js","statementMap":{"0":{"start":{"line":6,"column":18},"end":{"line":67,"column":2}},"1":{"start":{"line":69,"column":12},"end":{"line":77,"column":1}},"2":{"start":{"line":70,"column":18},"end":{"line":70,"column":29}},"3":{"start":{"line":72,"column":2},"end":{"line":76,"column":4}},"4":{"start":{"line":79,"column":0},"end":{"line":82,"column":2}},"5":{"start":{"line":84,"column":0},"end":{"line":86,"column":2}}},"fnMap":{"0":{"name":"(anonymous_0)","decl":{"start":{"line":69,"column":12},"end":{"line":69,"column":13}},"loc":{"start":{"line":69,"column":39},"end":{"line":77,"column":1}},"line":69}},"branchMap":{"0":{"loc":{"start":{"line":73,"column":42},"end":{"line":73,"column":78}},"type":"cond-expr","locations":[{"start":{"line":73,"column":55},"end":{"line":73,"column":73}},{"start":{"line":73,"column":76},"end":{"line":73,"column":78}}],"line":73}},"s":{"0":2,"1":2,"2":14,"3":14,"4":2,"5":2},"f":{"0":14},"b":{"0":[4,10]},"_coverageSchema":"1a1c01bbd47fc00a2c39e90264f33305004495a9","hash":"08c36258dd0620f4a127e8d10268c8d915fc0174"}
,"/home/dhivya/Documents/Zemoso repos/Bootcamp20-ClearedIn/WebUi/src/Components/Molecules/actionOption/ActionOption.js": {"path":"/home/dhivya/Documents/Zemoso repos/Bootcamp20-ClearedIn/WebUi/src/Components/Molecules/actionOption/ActionOption.js","statementMap":{"0":{"start":{"line":7,"column":21},"end":{"line":25,"column":1}},"1":{"start":{"line":8,"column":2},"end":{"line":24,"column":9}},"2":{"start":{"line":27,"column":0},"end":{"line":31,"column":2}},"3":{"start":{"line":33,"column":0},"end":{"line":35,"column":2}}},"fnMap":{"0":{"name":"(anonymous_0)","decl":{"start":{"line":7,"column":21},"end":{"line":7,"column":22}},"loc":{"start":{"line":8,"column":2},"end":{"line":24,"column":9}},"line":8}},"branchMap":{"0":{"loc":{"start":{"line":15,"column":5},"end":{"line":23,"column":5}},"type":"binary-expr","locations":[{"start":{"line":15,"column":5},"end":{"line":15,"column":14}},{"start":{"line":16,"column":6},"end":{"line":22,"column":13}}],"line":15}},"s":{"0":2,"1":17,"2":2,"3":2},"f":{"0":17},"b":{"0":[17,4]},"_coverageSchema":"1a1c01bbd47fc00a2c39e90264f33305004495a9","hash":"403a1826672fd6084ead978d40adbe5f56f0b21b"}
,"/home/dhivya/Documents/Zemoso repos/Bootcamp20-ClearedIn/WebUi/src/Components/Molecules/departmentOption/DepartmentOption.js": {"path":"/home/dhivya/Documents/Zemoso repos/Bootcamp20-ClearedIn/WebUi/src/Components/Molecules/departmentOption/DepartmentOption.js","statementMap":{"0":{"start":{"line":7,"column":25},"end":{"line":16,"column":1}},"1":{"start":{"line":8,"column":2},"end":{"line":15,"column":9}},"2":{"start":{"line":18,"column":0},"end":{"line":21,"column":2}}},"fnMap":{"0":{"name":"(anonymous_0)","decl":{"start":{"line":7,"column":25},"end":{"line":7,"column":26}},"loc":{"start":{"line":8,"column":2},"end":{"line":15,"column":9}},"line":8}},"branchMap":{},"s":{"0":4,"1":5,"2":4},"f":{"0":5},"b":{},"_coverageSchema":"1a1c01bbd47fc00a2c39e90264f33305004495a9","hash":"66acc4553c499b17940416f171c56fb0a37d4a7f"}
,"/home/dhivya/Documents/Zemoso repos/Bootcamp20-ClearedIn/WebUi/src/Components/Molecules/groupTableHeader/TableHeader.js": {"path":"/home/dhivya/Documents/Zemoso repos/Bootcamp20-ClearedIn/WebUi/src/Components/Molecules/groupTableHeader/TableHeader.js","statementMap":{"0":{"start":{"line":14,"column":18},"end":{"line":50,"column":2}},"1":{"start":{"line":53,"column":18},"end":{"line":53,"column":29}},"2":{"start":{"line":55,"column":2},"end":{"line":69,"column":4}},"3":{"start":{"line":71,"column":0},"end":{"line":74,"column":2}}},"fnMap":{"0":{"name":"TableHeader","decl":{"start":{"line":52,"column":9},"end":{"line":52,"column":20}},"loc":{"start":{"line":52,"column":38},"end":{"line":70,"column":1}},"line":52}},"branchMap":{},"s":{"0":2,"1":2,"2":2,"3":2},"f":{"0":2},"b":{},"_coverageSchema":"1a1c01bbd47fc00a2c39e90264f33305004495a9","hash":"3f9949045a1fc275652d46d26e3dc4300381dcc4"}
,"/home/dhivya/Documents/Zemoso repos/Bootcamp20-ClearedIn/WebUi/src/Components/Molecules/newRow/NewRow.js": {"path":"/home/dhivya/Documents/Zemoso repos/Bootcamp20-ClearedIn/WebUi/src/Components/Molecules/newRow/NewRow.js","statementMap":{"0":{"start":{"line":9,"column":18},"end":{"line":30,"column":2}},"1":{"start":{"line":34,"column":18},"end":{"line":34,"column":29}},"2":{"start":{"line":36,"column":2},"end":{"line":50,"column":4}},"3":{"start":{"line":52,"column":0},"end":{"line":54,"column":2}}},"fnMap":{"0":{"name":"NewRow","decl":{"start":{"line":33,"column":9},"end":{"line":33,"column":15}},"loc":{"start":{"line":33,"column":26},"end":{"line":51,"column":1}},"line":33}},"branchMap":{},"s":{"0":5,"1":7,"2":7,"3":5},"f":{"0":7},"b":{},"_coverageSchema":"1a1c01bbd47fc00a2c39e90264f33305004495a9","hash":"276f8d9648b808e818a5edbb2d30b94baa715ce3"}
,"/home/dhivya/Documents/Zemoso repos/Bootcamp20-ClearedIn/WebUi/src/Components/Molecules/rowAdder/RowAdder.js": {"path":"/home/dhivya/Documents/Zemoso repos/Bootcamp20-ClearedIn/WebUi/src/Components/Molecules/rowAdder/RowAdder.js","statementMap":{"0":{"start":{"line":7,"column":18},"end":{"line":25,"column":3}},"1":{"start":{"line":7,"column":41},"end":{"line":25,"column":1}},"2":{"start":{"line":28,"column":18},"end":{"line":28,"column":29}},"3":{"start":{"line":30,"column":2},"end":{"line":44,"column":4}},"4":{"start":{"line":47,"column":0},"end":{"line":50,"column":2}},"5":{"start":{"line":52,"column":0},"end":{"line":54,"column":2}}},"fnMap":{"0":{"name":"(anonymous_0)","decl":{"start":{"line":7,"column":29},"end":{"line":7,"column":30}},"loc":{"start":{"line":7,"column":41},"end":{"line":25,"column":1}},"line":7},"1":{"name":"RowAdder","decl":{"start":{"line":27,"column":24},"end":{"line":27,"column":32}},"loc":{"start":{"line":27,"column":58},"end":{"line":45,"column":1}},"line":27}},"branchMap":{},"s":{"0":2,"1":3,"2":3,"3":3,"4":2,"5":2},"f":{"0":3,"1":3},"b":{},"_coverageSchema":"1a1c01bbd47fc00a2c39e90264f33305004495a9","hash":"ad3b6fbe88b9eb6a4af0b774b961ee3eddf54a2c"}
,"/home/dhivya/Documents/Zemoso repos/Bootcamp20-ClearedIn/WebUi/src/Components/Molecules/searchBar/SeachBar.js": {"path":"/home/dhivya/Documents/Zemoso repos/Bootcamp20-ClearedIn/WebUi/src/Components/Molecules/searchBar/SeachBar.js","statementMap":{"0":{"start":{"line":6,"column":17},"end":{"line":13,"column":1}},"1":{"start":{"line":7,"column":2},"end":{"line":12,"column":4}},"2":{"start":{"line":15,"column":0},"end":{"line":18,"column":2}}},"fnMap":{"0":{"name":"(anonymous_0)","decl":{"start":{"line":6,"column":17},"end":{"line":6,"column":18}},"loc":{"start":{"line":7,"column":2},"end":{"line":12,"column":4}},"line":7}},"branchMap":{},"s":{"0":4,"1":4,"2":4},"f":{"0":4},"b":{},"_coverageSchema":"1a1c01bbd47fc00a2c39e90264f33305004495a9","hash":"a4071a3c29d8f7d4d756d6d401e20c143ecb91cc"}
,"/home/dhivya/Documents/Zemoso repos/Bootcamp20-ClearedIn/WebUi/src/Components/Molecules/securityOption/SecurityOption.js": {"path":"/home/dhivya/Documents/Zemoso repos/Bootcamp20-ClearedIn/WebUi/src/Components/Molecules/securityOption/SecurityOption.js","statementMap":{"0":{"start":{"line":8,"column":18},"end":{"line":22,"column":3}},"1":{"start":{"line":8,"column":41},"end":{"line":22,"column":1}},"2":{"start":{"line":25,"column":18},"end":{"line":25,"column":29}},"3":{"start":{"line":26,"column":24},"end":{"line":26,"column":38}},"4":{"start":{"line":27,"column":2},"end":{"line":33,"column":3}},"5":{"start":{"line":28,"column":4},"end":{"line":28,"column":37}},"6":{"start":{"line":29,"column":9},"end":{"line":33,"column":3}},"7":{"start":{"line":30,"column":4},"end":{"line":30,"column":41}},"8":{"start":{"line":31,"column":9},"end":{"line":33,"column":3}},"9":{"start":{"line":32,"column":4},"end":{"line":32,"column":39}},"10":{"start":{"line":34,"column":2},"end":{"line":38,"column":4}},"11":{"start":{"line":40,"column":0},"end":{"line":42,"column":2}}},"fnMap":{"0":{"name":"(anonymous_0)","decl":{"start":{"line":8,"column":29},"end":{"line":8,"column":30}},"loc":{"start":{"line":8,"column":41},"end":{"line":22,"column":1}},"line":8},"1":{"name":"SecurityOption","decl":{"start":{"line":24,"column":9},"end":{"line":24,"column":23}},"loc":{"start":{"line":24,"column":42},"end":{"line":39,"column":1}},"line":24}},"branchMap":{"0":{"loc":{"start":{"line":27,"column":2},"end":{"line":33,"column":3}},"type":"if","locations":[{"start":{"line":27,"column":2},"end":{"line":33,"column":3}},{"start":{"line":27,"column":2},"end":{"line":33,"column":3}}],"line":27},"1":{"loc":{"start":{"line":27,"column":6},"end":{"line":27,"column":47}},"type":"binary-expr","locations":[{"start":{"line":27,"column":6},"end":{"line":27,"column":25}},{"start":{"line":27,"column":29},"end":{"line":27,"column":47}}],"line":27},"2":{"loc":{"start":{"line":29,"column":9},"end":{"line":33,"column":3}},"type":"if","locations":[{"start":{"line":29,"column":9},"end":{"line":33,"column":3}},{"start":{"line":29,"column":9},"end":{"line":33,"column":3}}],"line":29},"3":{"loc":{"start":{"line":31,"column":9},"end":{"line":33,"column":3}},"type":"if","locations":[{"start":{"line":31,"column":9},"end":{"line":33,"column":3}},{"start":{"line":31,"column":9},"end":{"line":33,"column":3}}],"line":31}},"s":{"0":6,"1":4,"2":4,"3":4,"4":4,"5":0,"6":4,"7":2,"8":2,"9":0,"10":4,"11":6},"f":{"0":4,"1":4},"b":{"0":[0,4],"1":[4,4],"2":[2,2],"3":[0,2]},"_coverageSchema":"1a1c01bbd47fc00a2c39e90264f33305004495a9","hash":"93d251c7d487b5c1dd4bc7b669c82d4716fcc02b"}
,"/home/dhivya/Documents/Zemoso repos/Bootcamp20-ClearedIn/WebUi/src/Components/Molecules/tabFooter/TabFooter.js": {"path":"/home/dhivya/Documents/Zemoso repos/Bootcamp20-ClearedIn/WebUi/src/Components/Molecules/tabFooter/TabFooter.js","statementMap":{"0":{"start":{"line":5,"column":18},"end":{"line":11,"column":2}},"1":{"start":{"line":13,"column":18},"end":{"line":24,"column":1}},"2":{"start":{"line":14,"column":18},"end":{"line":14,"column":29}},"3":{"start":{"line":15,"column":2},"end":{"line":23,"column":4}},"4":{"start":{"line":25,"column":0},"end":{"line":27,"column":2}}},"fnMap":{"0":{"name":"(anonymous_0)","decl":{"start":{"line":13,"column":18},"end":{"line":13,"column":19}},"loc":{"start":{"line":13,"column":33},"end":{"line":24,"column":1}},"line":13}},"branchMap":{},"s":{"0":1,"1":1,"2":1,"3":1,"4":1},"f":{"0":1},"b":{},"_coverageSchema":"1a1c01bbd47fc00a2c39e90264f33305004495a9","hash":"c5f14e3dbdd90ef4da3b3e9bfb4d6f7f62bec0eb"}
,"/home/dhivya/Documents/Zemoso repos/Bootcamp20-ClearedIn/WebUi/src/Components/Molecules/tableHeader/TableHeader.js": {"path":"/home/dhivya/Documents/Zemoso repos/Bootcamp20-ClearedIn/WebUi/src/Components/Molecules/tableHeader/TableHeader.js","statementMap":{"0":{"start":{"line":8,"column":18},"end":{"line":26,"column":2}},"1":{"start":{"line":30,"column":18},"end":{"line":30,"column":29}},"2":{"start":{"line":32,"column":2},"end":{"line":44,"column":4}},"3":{"start":{"line":46,"column":0},"end":{"line":50,"column":2}}},"fnMap":{"0":{"name":"TableHeader","decl":{"start":{"line":29,"column":9},"end":{"line":29,"column":20}},"loc":{"start":{"line":29,"column":45},"end":{"line":45,"column":1}},"line":29}},"branchMap":{},"s":{"0":4,"1":2,"2":2,"3":4},"f":{"0":2},"b":{},"_coverageSchema":"1a1c01bbd47fc00a2c39e90264f33305004495a9","hash":"b622ffa9895d2e4901d7cdeb4c8ad1c7535855f6"}
,"/home/dhivya/Documents/Zemoso repos/Bootcamp20-ClearedIn/WebUi/src/Components/Organisms/CollaborationMenu/CollaborationMenu.contants.js": {"path":"/home/dhivya/Documents/Zemoso repos/Bootcamp20-ClearedIn/WebUi/src/Components/Organisms/CollaborationMenu/CollaborationMenu.contants.js","statementMap":{"0":{"start":{"line":1,"column":18},"end":{"line":22,"column":1}}},"fnMap":{},"branchMap":{},"s":{"0":1},"f":{},"b":{},"_coverageSchema":"1a1c01bbd47fc00a2c39e90264f33305004495a9","hash":"7932cebf6dee3750d7c8e0ce26b199ab11bd2dd9"}
,"/home/dhivya/Documents/Zemoso repos/Bootcamp20-ClearedIn/WebUi/src/Components/Organisms/CollaborationMenu/CollaborationMenu.js": {"path":"/home/dhivya/Documents/Zemoso repos/Bootcamp20-ClearedIn/WebUi/src/Components/Organisms/CollaborationMenu/CollaborationMenu.js","statementMap":{"0":{"start":{"line":10,"column":18},"end":{"line":21,"column":2}},"1":{"start":{"line":23,"column":26},"end":{"line":69,"column":1}},"2":{"start":{"line":24,"column":18},"end":{"line":24,"column":29}},"3":{"start":{"line":26,"column":26},"end":{"line":26,"column":46}},"4":{"start":{"line":28,"column":22},"end":{"line":30,"column":3}},"5":{"start":{"line":29,"column":4},"end":{"line":29,"column":19}},"6":{"start":{"line":32,"column":2},"end":{"line":68,"column":4}},"7":{"start":{"line":60,"column":14},"end":{"line":62,"column":21}}},"fnMap":{"0":{"name":"(anonymous_0)","decl":{"start":{"line":23,"column":26},"end":{"line":23,"column":27}},"loc":{"start":{"line":23,"column":32},"end":{"line":69,"column":1}},"line":23},"1":{"name":"(anonymous_1)","decl":{"start":{"line":28,"column":22},"end":{"line":28,"column":23}},"loc":{"start":{"line":28,"column":28},"end":{"line":30,"column":3}},"line":28},"2":{"name":"(anonymous_2)","decl":{"start":{"line":59,"column":27},"end":{"line":59,"column":28}},"loc":{"start":{"line":60,"column":14},"end":{"line":62,"column":21}},"line":60}},"branchMap":{},"s":{"0":1,"1":1,"2":3,"3":3,"4":3,"5":1,"6":3,"7":18},"f":{"0":3,"1":1,"2":18},"b":{},"_coverageSchema":"1a1c01bbd47fc00a2c39e90264f33305004495a9","hash":"ef6a3987cdcc7c283f3ba8226d1407b74b672510"}
,"/home/dhivya/Documents/Zemoso repos/Bootcamp20-ClearedIn/WebUi/src/Components/Organisms/GoogleCommunication/GoogleCommunication.js": {"path":"/home/dhivya/Documents/Zemoso repos/Bootcamp20-ClearedIn/WebUi/src/Components/Organisms/GoogleCommunication/GoogleCommunication.js","statementMap":{"0":{"start":{"line":20,"column":18},"end":{"line":24,"column":2}},"1":{"start":{"line":26,"column":18},"end":{"line":26,"column":29}},"2":{"start":{"line":27,"column":18},"end":{"line":37,"column":3}},"3":{"start":{"line":38,"column":40},"end":{"line":38,"column":50}},"4":{"start":{"line":39,"column":46},"end":{"line":39,"column":58}},"5":{"start":{"line":40,"column":26},"end":{"line":54,"column":3}},"6":{"start":{"line":41,"column":17},"end":{"line":41,"column":32}},"7":{"start":{"line":42,"column":4},"end":{"line":42,"column":66}},"8":{"start":{"line":43,"column":4},"end":{"line":53,"column":5}},"9":{"start":{"line":44,"column":6},"end":{"line":46,"column":7}},"10":{"start":{"line":45,"column":8},"end":{"line":45,"column":53}},"11":{"start":{"line":47,"column":6},"end":{"line":47,"column":40}},"12":{"start":{"line":49,"column":20},"end":{"line":49,"column":67}},"13":{"start":{"line":50,"column":6},"end":{"line":52,"column":7}},"14":{"start":{"line":51,"column":8},"end":{"line":51,"column":40}},"15":{"start":{"line":55,"column":21},"end":{"line":59,"column":236}},"16":{"start":{"line":57,"column":9},"end":{"line":59,"column":235}},"17":{"start":{"line":60,"column":18},"end":{"line":62,"column":3}},"18":{"start":{"line":61,"column":4},"end":{"line":61,"column":28}},"19":{"start":{"line":63,"column":23},"end":{"line":65,"column":3}},"20":{"start":{"line":64,"column":4},"end":{"line":64,"column":22}},"21":{"start":{"line":66,"column":2},"end":{"line":140,"column":4}},"22":{"start":{"line":98,"column":42},"end":{"line":98,"column":114}},"23":{"start":{"line":105,"column":42},"end":{"line":105,"column":123}},"24":{"start":{"line":112,"column":42},"end":{"line":112,"column":121}},"25":{"start":{"line":119,"column":42},"end":{"line":119,"column":124}},"26":{"start":{"line":129,"column":42},"end":{"line":129,"column":135}}},"fnMap":{"0":{"name":"GoogleCommunication","decl":{"start":{"line":25,"column":9},"end":{"line":25,"column":28}},"loc":{"start":{"line":25,"column":31},"end":{"line":141,"column":1}},"line":25},"1":{"name":"(anonymous_1)","decl":{"start":{"line":40,"column":26},"end":{"line":40,"column":27}},"loc":{"start":{"line":40,"column":37},"end":{"line":54,"column":3}},"line":40},"2":{"name":"(anonymous_2)","decl":{"start":{"line":55,"column":21},"end":{"line":55,"column":22}},"loc":{"start":{"line":57,"column":9},"end":{"line":59,"column":235}},"line":57},"3":{"name":"(anonymous_3)","decl":{"start":{"line":60,"column":18},"end":{"line":60,"column":19}},"loc":{"start":{"line":60,"column":36},"end":{"line":62,"column":3}},"line":60},"4":{"name":"(anonymous_4)","decl":{"start":{"line":63,"column":23},"end":{"line":63,"column":24}},"loc":{"start":{"line":63,"column":29},"end":{"line":65,"column":3}},"line":63},"5":{"name":"(anonymous_5)","decl":{"start":{"line":98,"column":36},"end":{"line":98,"column":37}},"loc":{"start":{"line":98,"column":42},"end":{"line":98,"column":114}},"line":98},"6":{"name":"(anonymous_6)","decl":{"start":{"line":105,"column":36},"end":{"line":105,"column":37}},"loc":{"start":{"line":105,"column":42},"end":{"line":105,"column":123}},"line":105},"7":{"name":"(anonymous_7)","decl":{"start":{"line":112,"column":36},"end":{"line":112,"column":37}},"loc":{"start":{"line":112,"column":42},"end":{"line":112,"column":121}},"line":112},"8":{"name":"(anonymous_8)","decl":{"start":{"line":119,"column":36},"end":{"line":119,"column":37}},"loc":{"start":{"line":119,"column":42},"end":{"line":119,"column":124}},"line":119},"9":{"name":"(anonymous_9)","decl":{"start":{"line":129,"column":36},"end":{"line":129,"column":37}},"loc":{"start":{"line":129,"column":42},"end":{"line":129,"column":135}},"line":129}},"branchMap":{"0":{"loc":{"start":{"line":43,"column":4},"end":{"line":53,"column":5}},"type":"if","locations":[{"start":{"line":43,"column":4},"end":{"line":53,"column":5}},{"start":{"line":43,"column":4},"end":{"line":53,"column":5}}],"line":43},"1":{"loc":{"start":{"line":44,"column":6},"end":{"line":46,"column":7}},"type":"if","locations":[{"start":{"line":44,"column":6},"end":{"line":46,"column":7}},{"start":{"line":44,"column":6},"end":{"line":46,"column":7}}],"line":44},"2":{"loc":{"start":{"line":50,"column":6},"end":{"line":52,"column":7}},"type":"if","locations":[{"start":{"line":50,"column":6},"end":{"line":52,"column":7}},{"start":{"line":50,"column":6},"end":{"line":52,"column":7}}],"line":50},"3":{"loc":{"start":{"line":57,"column":9},"end":{"line":59,"column":235}},"type":"cond-expr","locations":[{"start":{"line":58,"column":6},"end":{"line":58,"column":140}},{"start":{"line":59,"column":7},"end":{"line":59,"column":234}}],"line":57},"4":{"loc":{"start":{"line":59,"column":7},"end":{"line":59,"column":234}},"type":"cond-expr","locations":[{"start":{"line":59,"column":58},"end":{"line":59,"column":184}},{"start":{"line":59,"column":187},"end":{"line":59,"column":234}}],"line":59},"5":{"loc":{"start":{"line":59,"column":8},"end":{"line":59,"column":54}},"type":"binary-expr","locations":[{"start":{"line":59,"column":8},"end":{"line":59,"column":31}},{"start":{"line":59,"column":35},"end":{"line":59,"column":54}}],"line":59}},"s":{"0":1,"1":1,"2":1,"3":1,"4":1,"5":1,"6":0,"7":0,"8":0,"9":0,"10":0,"11":0,"12":0,"13":0,"14":0,"15":1,"16":0,"17":1,"18":0,"19":1,"20":0,"21":1,"22":0,"23":0,"24":0,"25":0,"26":0},"f":{"0":1,"1":0,"2":0,"3":0,"4":0,"5":0,"6":0,"7":0,"8":0,"9":0},"b":{"0":[0,0],"1":[0,0],"2":[0,0],"3":[0,0],"4":[0,0],"5":[0,0]},"_coverageSchema":"1a1c01bbd47fc00a2c39e90264f33305004495a9","hash":"89b572ae37b69a7d58ab6ed82685b87b69a866e9"}
,"/home/dhivya/Documents/Zemoso repos/Bootcamp20-ClearedIn/WebUi/src/Components/Organisms/GoogleCommunication/Permission.js": {"path":"/home/dhivya/Documents/Zemoso repos/Bootcamp20-ClearedIn/WebUi/src/Components/Organisms/GoogleCommunication/Permission.js","statementMap":{"0":{"start":{"line":5,"column":2},"end":{"line":7,"column":4}}},"fnMap":{"0":{"name":"Permission","decl":{"start":{"line":4,"column":9},"end":{"line":4,"column":19}},"loc":{"start":{"line":4,"column":22},"end":{"line":8,"column":1}},"line":4}},"branchMap":{},"s":{"0":0},"f":{"0":0},"b":{},"_coverageSchema":"1a1c01bbd47fc00a2c39e90264f33305004495a9","hash":"d3ea46e6d2d83421ea87c566a40421abd7edc90e"}
,"/home/dhivya/Documents/Zemoso repos/Bootcamp20-ClearedIn/WebUi/src/Components/Organisms/GoogleCommunication/TrustGroup.js": {"path":"/home/dhivya/Documents/Zemoso repos/Bootcamp20-ClearedIn/WebUi/src/Components/Organisms/GoogleCommunication/TrustGroup.js","statementMap":{"0":{"start":{"line":6,"column":2},"end":{"line":9,"column":4}}},"fnMap":{"0":{"name":"TrustGroup","decl":{"start":{"line":5,"column":9},"end":{"line":5,"column":19}},"loc":{"start":{"line":5,"column":31},"end":{"line":10,"column":1}},"line":5}},"branchMap":{},"s":{"0":0},"f":{"0":0},"b":{},"_coverageSchema":"1a1c01bbd47fc00a2c39e90264f33305004495a9","hash":"18c8da821e332a0c0c8a4b92d619245710a6eef0"}
,"/home/dhivya/Documents/Zemoso repos/Bootcamp20-ClearedIn/WebUi/src/Components/Organisms/TabsNavigation/TabsNavigation.js": {"path":"/home/dhivya/Documents/Zemoso repos/Bootcamp20-ClearedIn/WebUi/src/Components/Organisms/TabsNavigation/TabsNavigation.js","statementMap":{"0":{"start":{"line":7,"column":18},"end":{"line":11,"column":2}},"1":{"start":{"line":13,"column":23},"end":{"line":28,"column":1}},"2":{"start":{"line":14,"column":18},"end":{"line":14,"column":29}},"3":{"start":{"line":15,"column":36},"end":{"line":15,"column":47}},"4":{"start":{"line":16,"column":2},"end":{"line":27,"column":4}},"5":{"start":{"line":19,"column":8},"end":{"line":21,"column":15}},"6":{"start":{"line":19,"column":34},"end":{"line":19,"column":53}},"7":{"start":{"line":30,"column":0},"end":{"line":32,"column":2}}},"fnMap":{"0":{"name":"(anonymous_0)","decl":{"start":{"line":13,"column":23},"end":{"line":13,"column":24}},"loc":{"start":{"line":13,"column":37},"end":{"line":28,"column":1}},"line":13},"1":{"name":"(anonymous_1)","decl":{"start":{"line":18,"column":16},"end":{"line":18,"column":17}},"loc":{"start":{"line":19,"column":8},"end":{"line":21,"column":15}},"line":19},"2":{"name":"(anonymous_2)","decl":{"start":{"line":19,"column":28},"end":{"line":19,"column":29}},"loc":{"start":{"line":19,"column":34},"end":{"line":19,"column":53}},"line":19}},"branchMap":{},"s":{"0":1,"1":1,"2":3,"3":3,"4":3,"5":12,"6":1,"7":1},"f":{"0":3,"1":12,"2":1},"b":{},"_coverageSchema":"1a1c01bbd47fc00a2c39e90264f33305004495a9","hash":"4d727ac124e39aadbc383b2e6d0f3e668a1055b8"}
,"/home/dhivya/Documents/Zemoso repos/Bootcamp20-ClearedIn/WebUi/src/Components/Organisms/agGrid/AGGridTable.js": {"path":"/home/dhivya/Documents/Zemoso repos/Bootcamp20-ClearedIn/WebUi/src/Components/Organisms/agGrid/AGGridTable.js","statementMap":{"0":{"start":{"line":19,"column":18},"end":{"line":34,"column":2}},"1":{"start":{"line":37,"column":18},"end":{"line":37,"column":29}},"2":{"start":{"line":38,"column":46},"end":{"line":38,"column":58}},"3":{"start":{"line":39,"column":42},"end":{"line":39,"column":54}},"4":{"start":{"line":41,"column":37},"end":{"line":45,"column":3}},"5":{"start":{"line":47,"column":31},"end":{"line":52,"column":3}},"6":{"start":{"line":48,"column":4},"end":{"line":51,"column":6}},"7":{"start":{"line":54,"column":23},"end":{"line":54,"column":64}},"8":{"start":{"line":54,"column":36},"end":{"line":54,"column":63}},"9":{"start":{"line":56,"column":25},"end":{"line":63,"column":3}},"10":{"start":{"line":57,"column":21},"end":{"line":57,"column":36}},"11":{"start":{"line":58,"column":4},"end":{"line":62,"column":7}},"12":{"start":{"line":60,"column":6},"end":{"line":60,"column":49}},"13":{"start":{"line":61,"column":6},"end":{"line":61,"column":25}},"14":{"start":{"line":65,"column":27},"end":{"line":89,"column":3}},"15":{"start":{"line":67,"column":55},"end":{"line":67,"column":61}},"16":{"start":{"line":68,"column":4},"end":{"line":80,"column":5}},"17":{"start":{"line":69,"column":6},"end":{"line":79,"column":8}},"18":{"start":{"line":81,"column":4},"end":{"line":88,"column":6}},"19":{"start":{"line":92,"column":32},"end":{"line":92,"column":46}},"20":{"start":{"line":94,"column":44},"end":{"line":94,"column":58}},"21":{"start":{"line":96,"column":22},"end":{"line":98,"column":3}},"22":{"start":{"line":97,"column":4},"end":{"line":97,"column":27}},"23":{"start":{"line":100,"column":20},"end":{"line":108,"column":3}},"24":{"start":{"line":101,"column":4},"end":{"line":107,"column":17}},"25":{"start":{"line":110,"column":26},"end":{"line":112,"column":3}},"26":{"start":{"line":111,"column":4},"end":{"line":111,"column":30}},"27":{"start":{"line":114,"column":2},"end":{"line":206,"column":4}},"28":{"start":{"line":158,"column":12},"end":{"line":162,"column":14}},"29":{"start":{"line":178,"column":12},"end":{"line":182,"column":14}},"30":{"start":{"line":196,"column":12},"end":{"line":200,"column":14}}},"fnMap":{"0":{"name":"AGGridTable","decl":{"start":{"line":36,"column":9},"end":{"line":36,"column":20}},"loc":{"start":{"line":36,"column":31},"end":{"line":207,"column":1}},"line":36},"1":{"name":"(anonymous_1)","decl":{"start":{"line":47,"column":31},"end":{"line":47,"column":32}},"loc":{"start":{"line":48,"column":4},"end":{"line":51,"column":6}},"line":48},"2":{"name":"(anonymous_2)","decl":{"start":{"line":54,"column":23},"end":{"line":54,"column":24}},"loc":{"start":{"line":54,"column":36},"end":{"line":54,"column":63}},"line":54},"3":{"name":"(anonymous_3)","decl":{"start":{"line":56,"column":25},"end":{"line":56,"column":26}},"loc":{"start":{"line":56,"column":36},"end":{"line":63,"column":3}},"line":56},"4":{"name":"(anonymous_4)","decl":{"start":{"line":58,"column":22},"end":{"line":58,"column":23}},"loc":{"start":{"line":58,"column":37},"end":{"line":62,"column":5}},"line":58},"5":{"name":"(anonymous_5)","decl":{"start":{"line":65,"column":27},"end":{"line":65,"column":28}},"loc":{"start":{"line":65,"column":39},"end":{"line":89,"column":3}},"line":65},"6":{"name":"(anonymous_6)","decl":{"start":{"line":96,"column":22},"end":{"line":96,"column":23}},"loc":{"start":{"line":96,"column":34},"end":{"line":98,"column":3}},"line":96},"7":{"name":"(anonymous_7)","decl":{"start":{"line":100,"column":20},"end":{"line":100,"column":21}},"loc":{"start":{"line":101,"column":4},"end":{"line":107,"column":17}},"line":101},"8":{"name":"(anonymous_8)","decl":{"start":{"line":110,"column":26},"end":{"line":110,"column":27}},"loc":{"start":{"line":110,"column":44},"end":{"line":112,"column":3}},"line":110},"9":{"name":"(anonymous_9)","decl":{"start":{"line":157,"column":36},"end":{"line":157,"column":37}},"loc":{"start":{"line":158,"column":12},"end":{"line":162,"column":14}},"line":158},"10":{"name":"(anonymous_10)","decl":{"start":{"line":177,"column":36},"end":{"line":177,"column":37}},"loc":{"start":{"line":178,"column":12},"end":{"line":182,"column":14}},"line":178},"11":{"name":"(anonymous_11)","decl":{"start":{"line":195,"column":36},"end":{"line":195,"column":37}},"loc":{"start":{"line":196,"column":12},"end":{"line":200,"column":14}},"line":196}},"branchMap":{"0":{"loc":{"start":{"line":54,"column":36},"end":{"line":54,"column":63}},"type":"cond-expr","locations":[{"start":{"line":54,"column":56},"end":{"line":54,"column":58}},{"start":{"line":54,"column":61},"end":{"line":54,"column":63}}],"line":54},"1":{"loc":{"start":{"line":68,"column":4},"end":{"line":80,"column":5}},"type":"if","locations":[{"start":{"line":68,"column":4},"end":{"line":80,"column":5}},{"start":{"line":68,"column":4},"end":{"line":80,"column":5}}],"line":68},"2":{"loc":{"start":{"line":68,"column":8},"end":{"line":68,"column":61}},"type":"binary-expr","locations":[{"start":{"line":68,"column":8},"end":{"line":68,"column":32}},{"start":{"line":68,"column":36},"end":{"line":68,"column":61}}],"line":68}},"s":{"0":1,"1":2,"2":2,"3":2,"4":2,"5":2,"6":0,"7":2,"8":3,"9":2,"10":0,"11":0,"12":0,"13":0,"14":2,"15":0,"16":0,"17":0,"18":0,"19":2,"20":2,"21":2,"22":0,"23":2,"24":0,"25":2,"26":0,"27":2,"28":0,"29":0,"30":0},"f":{"0":2,"1":0,"2":3,"3":0,"4":0,"5":0,"6":0,"7":0,"8":0,"9":0,"10":0,"11":0},"b":{"0":[0,3],"1":[0,0],"2":[0,0]},"_coverageSchema":"1a1c01bbd47fc00a2c39e90264f33305004495a9","hash":"afd911492fd12b818576ecea22a9730537cd24ce"}
,"/home/dhivya/Documents/Zemoso repos/Bootcamp20-ClearedIn/WebUi/src/Components/Organisms/agGridGroupTable/GridTable.js": {"path":"/home/dhivya/Documents/Zemoso repos/Bootcamp20-ClearedIn/WebUi/src/Components/Organisms/agGridGroupTable/GridTable.js","statementMap":{"0":{"start":{"line":21,"column":13},"end":{"line":21,"column":84}},"1":{"start":{"line":22,"column":18},"end":{"line":31,"column":2}},"2":{"start":{"line":34,"column":18},"end":{"line":34,"column":29}},"3":{"start":{"line":35,"column":32},"end":{"line":50,"column":4}},"4":{"start":{"line":51,"column":40},"end":{"line":51,"column":50}},"5":{"start":{"line":52,"column":46},"end":{"line":52,"column":58}},"6":{"start":{"line":54,"column":24},"end":{"line":67,"column":3}},"7":{"start":{"line":55,"column":12},"end":{"line":55,"column":14}},"8":{"start":{"line":56,"column":27},"end":{"line":56,"column":62}},"9":{"start":{"line":57,"column":4},"end":{"line":65,"column":5}},"10":{"start":{"line":58,"column":6},"end":{"line":64,"column":7}},"11":{"start":{"line":59,"column":8},"end":{"line":59,"column":36}},"12":{"start":{"line":60,"column":24},"end":{"line":60,"column":28}},"13":{"start":{"line":61,"column":8},"end":{"line":61,"column":42}},"14":{"start":{"line":62,"column":8},"end":{"line":62,"column":37}},"15":{"start":{"line":63,"column":8},"end":{"line":63,"column":14}},"16":{"start":{"line":66,"column":4},"end":{"line":66,"column":31}},"17":{"start":{"line":68,"column":32},"end":{"line":68,"column":42}},"18":{"start":{"line":70,"column":2},"end":{"line":74,"column":16}},"19":{"start":{"line":71,"column":4},"end":{"line":73,"column":5}},"20":{"start":{"line":72,"column":6},"end":{"line":72,"column":34}},"21":{"start":{"line":76,"column":20},"end":{"line":78,"column":3}},"22":{"start":{"line":77,"column":4},"end":{"line":77,"column":27}},"23":{"start":{"line":79,"column":19},"end":{"line":87,"column":3}},"24":{"start":{"line":80,"column":4},"end":{"line":82,"column":5}},"25":{"start":{"line":81,"column":6},"end":{"line":81,"column":75}},"26":{"start":{"line":83,"column":4},"end":{"line":85,"column":5}},"27":{"start":{"line":84,"column":6},"end":{"line":84,"column":51}},"28":{"start":{"line":86,"column":4},"end":{"line":86,"column":14}},"29":{"start":{"line":88,"column":20},"end":{"line":88,"column":61}},"30":{"start":{"line":88,"column":33},"end":{"line":88,"column":60}},"31":{"start":{"line":89,"column":26},"end":{"line":107,"column":3}},"32":{"start":{"line":90,"column":19},"end":{"line":90,"column":34}},"33":{"start":{"line":91,"column":4},"end":{"line":95,"column":5}},"34":{"start":{"line":91,"column":17},"end":{"line":91,"column":18}},"35":{"start":{"line":92,"column":6},"end":{"line":94,"column":7}},"36":{"start":{"line":93,"column":8},"end":{"line":93,"column":51}},"37":{"start":{"line":96,"column":4},"end":{"line":106,"column":5}},"38":{"start":{"line":97,"column":6},"end":{"line":99,"column":7}},"39":{"start":{"line":98,"column":8},"end":{"line":98,"column":53}},"40":{"start":{"line":100,"column":6},"end":{"line":100,"column":40}},"41":{"start":{"line":102,"column":20},"end":{"line":102,"column":67}},"42":{"start":{"line":103,"column":6},"end":{"line":105,"column":7}},"43":{"start":{"line":104,"column":8},"end":{"line":104,"column":40}},"44":{"start":{"line":108,"column":20},"end":{"line":116,"column":3}},"45":{"start":{"line":109,"column":4},"end":{"line":115,"column":17}},"46":{"start":{"line":117,"column":21},"end":{"line":119,"column":319}},"47":{"start":{"line":119,"column":9},"end":{"line":119,"column":318}},"48":{"start":{"line":120,"column":18},"end":{"line":122,"column":3}},"49":{"start":{"line":121,"column":4},"end":{"line":121,"column":28}},"50":{"start":{"line":123,"column":2},"end":{"line":202,"column":4}},"51":{"start":{"line":159,"column":42},"end":{"line":159,"column":115}},"52":{"start":{"line":167,"column":42},"end":{"line":167,"column":110}},"53":{"start":{"line":175,"column":42},"end":{"line":175,"column":115}},"54":{"start":{"line":183,"column":42},"end":{"line":183,"column":123}},"55":{"start":{"line":192,"column":14},"end":{"line":192,"column":40}}},"fnMap":{"0":{"name":"GridTable","decl":{"start":{"line":33,"column":9},"end":{"line":33,"column":18}},"loc":{"start":{"line":33,"column":21},"end":{"line":203,"column":1}},"line":33},"1":{"name":"(anonymous_1)","decl":{"start":{"line":54,"column":24},"end":{"line":54,"column":25}},"loc":{"start":{"line":54,"column":40},"end":{"line":67,"column":3}},"line":54},"2":{"name":"(anonymous_2)","decl":{"start":{"line":70,"column":12},"end":{"line":70,"column":13}},"loc":{"start":{"line":70,"column":18},"end":{"line":74,"column":3}},"line":70},"3":{"name":"(anonymous_3)","decl":{"start":{"line":76,"column":20},"end":{"line":76,"column":21}},"loc":{"start":{"line":76,"column":32},"end":{"line":78,"column":3}},"line":76},"4":{"name":"(anonymous_4)","decl":{"start":{"line":79,"column":19},"end":{"line":79,"column":20}},"loc":{"start":{"line":79,"column":31},"end":{"line":87,"column":3}},"line":79},"5":{"name":"(anonymous_5)","decl":{"start":{"line":88,"column":20},"end":{"line":88,"column":21}},"loc":{"start":{"line":88,"column":33},"end":{"line":88,"column":60}},"line":88},"6":{"name":"(anonymous_6)","decl":{"start":{"line":89,"column":26},"end":{"line":89,"column":27}},"loc":{"start":{"line":89,"column":37},"end":{"line":107,"column":3}},"line":89},"7":{"name":"(anonymous_7)","decl":{"start":{"line":108,"column":20},"end":{"line":108,"column":21}},"loc":{"start":{"line":109,"column":4},"end":{"line":115,"column":17}},"line":109},"8":{"name":"(anonymous_8)","decl":{"start":{"line":117,"column":21},"end":{"line":117,"column":22}},"loc":{"start":{"line":119,"column":9},"end":{"line":119,"column":318}},"line":119},"9":{"name":"(anonymous_9)","decl":{"start":{"line":120,"column":18},"end":{"line":120,"column":19}},"loc":{"start":{"line":120,"column":36},"end":{"line":122,"column":3}},"line":120},"10":{"name":"(anonymous_10)","decl":{"start":{"line":159,"column":36},"end":{"line":159,"column":37}},"loc":{"start":{"line":159,"column":42},"end":{"line":159,"column":115}},"line":159},"11":{"name":"(anonymous_11)","decl":{"start":{"line":167,"column":36},"end":{"line":167,"column":37}},"loc":{"start":{"line":167,"column":42},"end":{"line":167,"column":110}},"line":167},"12":{"name":"(anonymous_12)","decl":{"start":{"line":175,"column":36},"end":{"line":175,"column":37}},"loc":{"start":{"line":175,"column":42},"end":{"line":175,"column":115}},"line":175},"13":{"name":"(anonymous_13)","decl":{"start":{"line":183,"column":36},"end":{"line":183,"column":37}},"loc":{"start":{"line":183,"column":42},"end":{"line":183,"column":123}},"line":183},"14":{"name":"(anonymous_14)","decl":{"start":{"line":191,"column":31},"end":{"line":191,"column":32}},"loc":{"start":{"line":191,"column":47},"end":{"line":193,"column":13}},"line":191}},"branchMap":{"0":{"loc":{"start":{"line":58,"column":6},"end":{"line":64,"column":7}},"type":"if","locations":[{"start":{"line":58,"column":6},"end":{"line":64,"column":7}},{"start":{"line":58,"column":6},"end":{"line":64,"column":7}}],"line":58},"1":{"loc":{"start":{"line":71,"column":4},"end":{"line":73,"column":5}},"type":"if","locations":[{"start":{"line":71,"column":4},"end":{"line":73,"column":5}},{"start":{"line":71,"column":4},"end":{"line":73,"column":5}}],"line":71},"2":{"loc":{"start":{"line":80,"column":4},"end":{"line":82,"column":5}},"type":"if","locations":[{"start":{"line":80,"column":4},"end":{"line":82,"column":5}},{"start":{"line":80,"column":4},"end":{"line":82,"column":5}}],"line":80},"3":{"loc":{"start":{"line":83,"column":4},"end":{"line":85,"column":5}},"type":"if","locations":[{"start":{"line":83,"column":4},"end":{"line":85,"column":5}},{"start":{"line":83,"column":4},"end":{"line":85,"column":5}}],"line":83},"4":{"loc":{"start":{"line":88,"column":33},"end":{"line":88,"column":60}},"type":"cond-expr","locations":[{"start":{"line":88,"column":53},"end":{"line":88,"column":55}},{"start":{"line":88,"column":58},"end":{"line":88,"column":60}}],"line":88},"5":{"loc":{"start":{"line":92,"column":6},"end":{"line":94,"column":7}},"type":"if","locations":[{"start":{"line":92,"column":6},"end":{"line":94,"column":7}},{"start":{"line":92,"column":6},"end":{"line":94,"column":7}}],"line":92},"6":{"loc":{"start":{"line":96,"column":4},"end":{"line":106,"column":5}},"type":"if","locations":[{"start":{"line":96,"column":4},"end":{"line":106,"column":5}},{"start":{"line":96,"column":4},"end":{"line":106,"column":5}}],"line":96},"7":{"loc":{"start":{"line":97,"column":6},"end":{"line":99,"column":7}},"type":"if","locations":[{"start":{"line":97,"column":6},"end":{"line":99,"column":7}},{"start":{"line":97,"column":6},"end":{"line":99,"column":7}}],"line":97},"8":{"loc":{"start":{"line":103,"column":6},"end":{"line":105,"column":7}},"type":"if","locations":[{"start":{"line":103,"column":6},"end":{"line":105,"column":7}},{"start":{"line":103,"column":6},"end":{"line":105,"column":7}}],"line":103},"9":{"loc":{"start":{"line":119,"column":9},"end":{"line":119,"column":318}},"type":"cond-expr","locations":[{"start":{"line":119,"column":53},"end":{"line":119,"column":187}},{"start":{"line":119,"column":191},"end":{"line":119,"column":317}}],"line":119}},"s":{"0":1,"1":1,"2":3,"3":3,"4":3,"5":3,"6":3,"7":0,"8":0,"9":0,"10":0,"11":0,"12":0,"13":0,"14":0,"15":0,"16":0,"17":3,"18":3,"19":1,"20":0,"21":3,"22":1,"23":3,"24":2,"25":2,"26":0,"27":0,"28":0,"29":3,"30":2,"31":3,"32":0,"33":0,"34":0,"35":0,"36":0,"37":0,"38":0,"39":0,"40":0,"41":0,"42":0,"43":0,"44":3,"45":0,"46":3,"47":0,"48":3,"49":0,"50":3,"51":0,"52":0,"53":0,"54":0,"55":0},"f":{"0":3,"1":0,"2":1,"3":1,"4":2,"5":2,"6":0,"7":0,"8":0,"9":0,"10":0,"11":0,"12":0,"13":0,"14":0},"b":{"0":[0,0],"1":[0,1],"2":[2,0],"3":[0,0],"4":[2,0],"5":[0,0],"6":[0,0],"7":[0,0],"8":[0,0],"9":[0,0]},"_coverageSchema":"1a1c01bbd47fc00a2c39e90264f33305004495a9","hash":"5a3fd882103557d1bb7e7875bed38eb83dd90d75"}
,"/home/dhivya/Documents/Zemoso repos/Bootcamp20-ClearedIn/WebUi/src/Components/Organisms/agGridGroupTable/GroupRowInnerRenderer.js": {"path":"/home/dhivya/Documents/Zemoso repos/Bootcamp20-ClearedIn/WebUi/src/Components/Organisms/agGridGroupTable/GroupRowInnerRenderer.js","statementMap":{"0":{"start":{"line":7,"column":15},"end":{"line":7,"column":83}},"1":{"start":{"line":9,"column":21},"end":{"line":9,"column":33}},"2":{"start":{"line":10,"column":2},"end":{"line":18,"column":4}}},"fnMap":{"0":{"name":"(anonymous_0)","decl":{"start":{"line":8,"column":15},"end":{"line":8,"column":16}},"loc":{"start":{"line":8,"column":27},"end":{"line":19,"column":1}},"line":8}},"branchMap":{},"s":{"0":1,"1":0,"2":0},"f":{"0":0},"b":{},"_coverageSchema":"1a1c01bbd47fc00a2c39e90264f33305004495a9","hash":"c7617c03e22a84d90eeef683311c6a1ec7b8be70"}
,"/home/dhivya/Documents/Zemoso repos/Bootcamp20-ClearedIn/WebUi/src/Components/Organisms/dropDown/DropDown.js": {"path":"/home/dhivya/Documents/Zemoso repos/Bootcamp20-ClearedIn/WebUi/src/Components/Organisms/dropDown/DropDown.js","statementMap":{"0":{"start":{"line":17,"column":18},"end":{"line":35,"column":3}},"1":{"start":{"line":17,"column":41},"end":{"line":35,"column":1}},"2":{"start":{"line":33,"column":32},"end":{"line":33,"column":43}},"3":{"start":{"line":38,"column":17},"end":{"line":99,"column":1}},"4":{"start":{"line":42,"column":18},"end":{"line":42,"column":34}},"5":{"start":{"line":43,"column":30},"end":{"line":43,"column":42}},"6":{"start":{"line":44,"column":28},"end":{"line":44,"column":40}},"7":{"start":{"line":45,"column":2},"end":{"line":49,"column":3}},"8":{"start":{"line":46,"column":4},"end":{"line":48,"column":7}},"9":{"start":{"line":47,"column":6},"end":{"line":47,"column":51}},"10":{"start":{"line":51,"column":23},"end":{"line":54,"column":3}},"11":{"start":{"line":52,"column":4},"end":{"line":52,"column":48}},"12":{"start":{"line":53,"column":4},"end":{"line":53,"column":34}},"13":{"start":{"line":55,"column":19},"end":{"line":57,"column":3}},"14":{"start":{"line":56,"column":4},"end":{"line":56,"column":33}},"15":{"start":{"line":58,"column":15},"end":{"line":58,"column":72}},"16":{"start":{"line":59,"column":15},"end":{"line":59,"column":19}},"17":{"start":{"line":60,"column":2},"end":{"line":98,"column":4}},"18":{"start":{"line":72,"column":12},"end":{"line":73,"column":174}},"19":{"start":{"line":81,"column":12},"end":{"line":87,"column":13}},"20":{"start":{"line":100,"column":0},"end":{"line":102,"column":2}}},"fnMap":{"0":{"name":"(anonymous_0)","decl":{"start":{"line":17,"column":29},"end":{"line":17,"column":30}},"loc":{"start":{"line":17,"column":41},"end":{"line":35,"column":1}},"line":17},"1":{"name":"(anonymous_1)","decl":{"start":{"line":33,"column":21},"end":{"line":33,"column":22}},"loc":{"start":{"line":33,"column":32},"end":{"line":33,"column":43}},"line":33},"2":{"name":"(anonymous_2)","decl":{"start":{"line":38,"column":17},"end":{"line":38,"column":18}},"loc":{"start":{"line":41,"column":6},"end":{"line":99,"column":1}},"line":41},"3":{"name":"(anonymous_3)","decl":{"start":{"line":46,"column":14},"end":{"line":46,"column":15}},"loc":{"start":{"line":47,"column":6},"end":{"line":47,"column":51}},"line":47},"4":{"name":"(anonymous_4)","decl":{"start":{"line":51,"column":23},"end":{"line":51,"column":24}},"loc":{"start":{"line":51,"column":34},"end":{"line":54,"column":3}},"line":51},"5":{"name":"(anonymous_5)","decl":{"start":{"line":55,"column":19},"end":{"line":55,"column":20}},"loc":{"start":{"line":55,"column":30},"end":{"line":57,"column":3}},"line":55},"6":{"name":"(anonymous_6)","decl":{"start":{"line":71,"column":23},"end":{"line":71,"column":24}},"loc":{"start":{"line":72,"column":12},"end":{"line":73,"column":174}},"line":72},"7":{"name":"(anonymous_7)","decl":{"start":{"line":79,"column":21},"end":{"line":79,"column":22}},"loc":{"start":{"line":81,"column":12},"end":{"line":87,"column":13}},"line":81}},"branchMap":{"0":{"loc":{"start":{"line":45,"column":2},"end":{"line":49,"column":3}},"type":"if","locations":[{"start":{"line":45,"column":2},"end":{"line":49,"column":3}},{"start":{"line":45,"column":2},"end":{"line":49,"column":3}}],"line":45},"1":{"loc":{"start":{"line":47,"column":6},"end":{"line":47,"column":51}},"type":"binary-expr","locations":[{"start":{"line":47,"column":6},"end":{"line":47,"column":32}},{"start":{"line":47,"column":36},"end":{"line":47,"column":51}}],"line":47},"2":{"loc":{"start":{"line":58,"column":15},"end":{"line":58,"column":72}},"type":"cond-expr","locations":[{"start":{"line":58,"column":37},"end":{"line":58,"column":54}},{"start":{"line":58,"column":59},"end":{"line":58,"column":71}}],"line":58},"3":{"loc":{"start":{"line":72,"column":12},"end":{"line":73,"column":174}},"type":"cond-expr","locations":[{"start":{"line":73,"column":17},"end":{"line":73,"column":104}},{"start":{"line":73,"column":109},"end":{"line":73,"column":173}}],"line":72},"4":{"loc":{"start":{"line":77,"column":11},"end":{"line":78,"column":150}},"type":"cond-expr","locations":[{"start":{"line":78,"column":12},"end":{"line":78,"column":71}},{"start":{"line":78,"column":76},"end":{"line":78,"column":149}}],"line":77},"5":{"loc":{"start":{"line":81,"column":12},"end":{"line":87,"column":13}},"type":"binary-expr","locations":[{"start":{"line":81,"column":12},"end":{"line":81,"column":38}},{"start":{"line":82,"column":12},"end":{"line":86,"column":23}}],"line":81},"6":{"loc":{"start":{"line":83,"column":15},"end":{"line":85,"column":76}},"type":"cond-expr","locations":[{"start":{"line":84,"column":16},"end":{"line":84,"column":53}},{"start":{"line":85,"column":19},"end":{"line":85,"column":75}}],"line":83},"7":{"loc":{"start":{"line":89,"column":11},"end":{"line":93,"column":11}},"type":"binary-expr","locations":[{"start":{"line":89,"column":11},"end":{"line":89,"column":30}},{"start":{"line":90,"column":10},"end":{"line":92,"column":21}}],"line":89}},"s":{"0":3,"1":5,"2":7,"3":3,"4":7,"5":7,"6":7,"7":7,"8":6,"9":10,"10":7,"11":1,"12":1,"13":7,"14":0,"15":7,"16":7,"17":7,"18":2,"19":11,"20":3},"f":{"0":5,"1":7,"2":7,"3":10,"4":1,"5":0,"6":2,"7":11},"b":{"0":[6,1],"1":[10,0],"2":[2,5],"3":[0,2],"4":[2,5],"5":[11,11],"6":[3,8],"7":[7,5]},"_coverageSchema":"1a1c01bbd47fc00a2c39e90264f33305004495a9","hash":"56f6dd8ee81bb2a66aaf0bf64dbd464b7f377909"}
,"/home/dhivya/Documents/Zemoso repos/Bootcamp20-ClearedIn/WebUi/src/Components/Organisms/sideNavigation/SideNavigation.js": {"path":"/home/dhivya/Documents/Zemoso repos/Bootcamp20-ClearedIn/WebUi/src/Components/Organisms/sideNavigation/SideNavigation.js","statementMap":{"0":{"start":{"line":13,"column":18},"end":{"line":33,"column":2}},"1":{"start":{"line":36,"column":18},"end":{"line":36,"column":29}},"2":{"start":{"line":37,"column":15},"end":{"line":37,"column":19}},"3":{"start":{"line":38,"column":2},"end":{"line":62,"column":4}}},"fnMap":{"0":{"name":"SideNavigation","decl":{"start":{"line":35,"column":9},"end":{"line":35,"column":23}},"loc":{"start":{"line":35,"column":26},"end":{"line":63,"column":1}},"line":35}},"branchMap":{},"s":{"0":1,"1":2,"2":2,"3":2},"f":{"0":2},"b":{},"_coverageSchema":"1a1c01bbd47fc00a2c39e90264f33305004495a9","hash":"f27802ce310673a678a1ddc85c0fc54e34da56a3"}
,"/home/dhivya/Documents/Zemoso repos/Bootcamp20-ClearedIn/WebUi/src/Components/Organisms/toolBar/ToolBar.js": {"path":"/home/dhivya/Documents/Zemoso repos/Bootcamp20-ClearedIn/WebUi/src/Components/Organisms/toolBar/ToolBar.js","statementMap":{"0":{"start":{"line":10,"column":18},"end":{"line":25,"column":3}},"1":{"start":{"line":10,"column":41},"end":{"line":25,"column":1}},"2":{"start":{"line":26,"column":16},"end":{"line":79,"column":1}},"3":{"start":{"line":30,"column":18},"end":{"line":30,"column":29}},"4":{"start":{"line":31,"column":32},"end":{"line":31,"column":53}},"5":{"start":{"line":32,"column":28},"end":{"line":32,"column":46}},"6":{"start":{"line":33,"column":22},"end":{"line":35,"column":3}},"7":{"start":{"line":34,"column":4},"end":{"line":34,"column":25}},"8":{"start":{"line":37,"column":23},"end":{"line":39,"column":3}},"9":{"start":{"line":38,"column":4},"end":{"line":38,"column":29}},"10":{"start":{"line":40,"column":29},"end":{"line":40,"column":34}},"11":{"start":{"line":41,"column":16},"end":{"line":41,"column":121}},"12":{"start":{"line":43,"column":2},"end":{"line":78,"column":4}},"13":{"start":{"line":56,"column":16},"end":{"line":58,"column":23}},"14":{"start":{"line":72,"column":117},"end":{"line":72,"column":132}},"15":{"start":{"line":81,"column":0},"end":{"line":84,"column":2}}},"fnMap":{"0":{"name":"(anonymous_0)","decl":{"start":{"line":10,"column":29},"end":{"line":10,"column":30}},"loc":{"start":{"line":10,"column":41},"end":{"line":25,"column":1}},"line":10},"1":{"name":"(anonymous_1)","decl":{"start":{"line":26,"column":16},"end":{"line":26,"column":17}},"loc":{"start":{"line":29,"column":6},"end":{"line":79,"column":1}},"line":29},"2":{"name":"(anonymous_2)","decl":{"start":{"line":33,"column":22},"end":{"line":33,"column":23}},"loc":{"start":{"line":33,"column":28},"end":{"line":35,"column":3}},"line":33},"3":{"name":"(anonymous_3)","decl":{"start":{"line":37,"column":23},"end":{"line":37,"column":24}},"loc":{"start":{"line":37,"column":30},"end":{"line":39,"column":3}},"line":37},"4":{"name":"(anonymous_4)","decl":{"start":{"line":55,"column":31},"end":{"line":55,"column":32}},"loc":{"start":{"line":56,"column":16},"end":{"line":58,"column":23}},"line":56},"5":{"name":"(anonymous_5)","decl":{"start":{"line":72,"column":110},"end":{"line":72,"column":111}},"loc":{"start":{"line":72,"column":117},"end":{"line":72,"column":132}},"line":72}},"branchMap":{"0":{"loc":{"start":{"line":71,"column":13},"end":{"line":73,"column":13}},"type":"binary-expr","locations":[{"start":{"line":71,"column":13},"end":{"line":71,"column":20}},{"start":{"line":72,"column":12},"end":{"line":72,"column":208}}],"line":71}},"s":{"0":1,"1":2,"2":1,"3":3,"4":3,"5":3,"6":3,"7":1,"8":3,"9":0,"10":3,"11":3,"12":3,"13":12,"14":0,"15":1},"f":{"0":2,"1":3,"2":1,"3":0,"4":12,"5":0},"b":{"0":[3,1]},"_coverageSchema":"1a1c01bbd47fc00a2c39e90264f33305004495a9","hash":"47a9c2e2f06bb10be26f6ba960e19e0f39b6e871"}
,"/home/dhivya/Documents/Zemoso repos/Bootcamp20-ClearedIn/WebUi/src/Components/Organisms/topHeader/TopHeader.js": {"path":"/home/dhivya/Documents/Zemoso repos/Bootcamp20-ClearedIn/WebUi/src/Components/Organisms/topHeader/TopHeader.js","statementMap":{"0":{"start":{"line":10,"column":18},"end":{"line":17,"column":2}},"1":{"start":{"line":19,"column":18},"end":{"line":41,"column":1}},"2":{"start":{"line":20,"column":18},"end":{"line":20,"column":29}},"3":{"start":{"line":21,"column":2},"end":{"line":40,"column":4}}},"fnMap":{"0":{"name":"(anonymous_0)","decl":{"start":{"line":19,"column":18},"end":{"line":19,"column":19}},"loc":{"start":{"line":19,"column":24},"end":{"line":41,"column":1}},"line":19}},"branchMap":{},"s":{"0":1,"1":1,"2":1,"3":1},"f":{"0":1},"b":{},"_coverageSchema":"1a1c01bbd47fc00a2c39e90264f33305004495a9","hash":"d097fb18b2a5dcf4c20c3a282731b1bedca026df"}
}
