TN:
SF:src/Components/Atoms/navIcon/NavIcon.js
FN:13,(anonymous_0)
FNF:1
FNH:1
FNDA:8,(anonymous_0)
DA:6,2
DA:13,2
DA:14,8
DA:15,8
DA:28,2
DA:34,2
LF:6
LH:6
BRDA:16,0,0,3
BRDA:16,0,1,5
BRF:2
BRH:2
end_of_record
TN:
SF:src/Components/Atoms/textIcon/TextIcon.js
FN:5,(anonymous_0)
FNF:1
FNH:1
FNDA:2,(anonymous_0)
DA:5,1
DA:6,2
DA:9,1
LF:3
LH:3
BRF:0
BRH:0
end_of_record
TN:
SF:src/Components/Molecules/PlatformCard/PlatformCard.js
FN:48,(anonymous_0)
FN:58,(anonymous_1)
FN:65,(anonymous_2)
FN:121,(anonymous_3)
FNF:4
FNH:3
FNDA:20,(anonymous_0)
FNDA:1,(anonymous_1)
FNDA:1,(anonymous_2)
FNDA:0,(anonymous_3)
DA:8,2
DA:48,2
DA:49,20
DA:51,20
DA:53,20
DA:54,20
DA:55,20
DA:56,20
DA:58,20
DA:59,1
DA:60,1
DA:61,1
DA:62,1
DA:65,20
DA:66,1
DA:67,1
DA:68,1
DA:69,1
DA:72,20
DA:121,0
DA:137,2
DA:143,2
LF:22
LH:21
BRF:0
BRH:0
end_of_record
TN:
SF:src/Components/Molecules/Tab/Tab.js
FN:69,(anonymous_0)
FNF:1
FNH:1
FNDA:14,(anonymous_0)
DA:6,2
DA:69,2
DA:70,14
DA:72,14
DA:79,2
DA:84,2
LF:6
LH:6
BRDA:73,0,0,4
BRDA:73,0,1,10
BRF:2
BRH:2
end_of_record
TN:
SF:src/Components/Molecules/actionOption/ActionOption.js
FN:7,(anonymous_0)
FNF:1
FNH:1
FNDA:17,(anonymous_0)
DA:7,2
DA:8,17
DA:27,2
DA:33,2
LF:4
LH:4
BRDA:15,0,0,17
BRDA:15,0,1,4
BRF:2
BRH:2
end_of_record
TN:
SF:src/Components/Molecules/departmentOption/DepartmentOption.js
FN:7,(anonymous_0)
FNF:1
FNH:1
FNDA:5,(anonymous_0)
DA:7,4
DA:8,5
DA:18,4
LF:3
LH:3
BRF:0
BRH:0
end_of_record
TN:
SF:src/Components/Molecules/groupTableHeader/TableHeader.js
FN:52,TableHeader
FNF:1
FNH:1
FNDA:2,TableHeader
DA:14,2
DA:53,2
DA:55,2
DA:71,2
LF:4
LH:4
BRF:0
BRH:0
end_of_record
TN:
SF:src/Components/Molecules/newRow/NewRow.js
FN:33,NewRow
FNF:1
FNH:1
FNDA:7,NewRow
DA:9,5
DA:34,7
DA:36,7
DA:52,5
LF:4
LH:4
BRF:0
BRH:0
end_of_record
TN:
SF:src/Components/Molecules/rowAdder/RowAdder.js
FN:7,(anonymous_0)
FN:27,RowAdder
FNF:2
FNH:2
FNDA:3,(anonymous_0)
FNDA:3,RowAdder
DA:7,3
DA:28,3
DA:30,3
DA:47,2
DA:52,2
LF:5
LH:5
BRF:0
BRH:0
end_of_record
TN:
SF:src/Components/Molecules/searchBar/SeachBar.js
FN:6,(anonymous_0)
FNF:1
FNH:1
FNDA:4,(anonymous_0)
DA:6,4
DA:7,4
DA:15,4
LF:3
LH:3
BRF:0
BRH:0
end_of_record
TN:
SF:src/Components/Molecules/securityOption/SecurityOption.js
FN:8,(anonymous_0)
FN:24,SecurityOption
FNF:2
FNH:2
FNDA:4,(anonymous_0)
FNDA:4,SecurityOption
DA:8,6
DA:25,4
DA:26,4
DA:27,4
DA:28,0
DA:29,4
DA:30,2
DA:31,2
DA:32,0
DA:34,4
DA:40,6
LF:11
LH:9
BRDA:27,0,0,0
BRDA:27,0,1,4
BRDA:27,1,0,4
BRDA:27,1,1,4
BRDA:29,2,0,2
BRDA:29,2,1,2
BRDA:31,3,0,0
BRDA:31,3,1,2
BRF:8
BRH:6
end_of_record
TN:
SF:src/Components/Molecules/tabFooter/TabFooter.js
FN:13,(anonymous_0)
FNF:1
FNH:1
FNDA:1,(anonymous_0)
DA:5,1
DA:13,1
DA:14,1
DA:15,1
DA:25,1
LF:5
LH:5
BRF:0
BRH:0
end_of_record
TN:
SF:src/Components/Molecules/tableHeader/TableHeader.js
FN:29,TableHeader
FNF:1
FNH:1
FNDA:2,TableHeader
DA:8,4
DA:30,2
DA:32,2
DA:46,4
LF:4
LH:4
BRF:0
BRH:0
end_of_record
TN:
SF:src/Components/Organisms/CollaborationMenu/CollaborationMenu.contants.js
FNF:0
FNH:0
DA:1,1
LF:1
LH:1
BRF:0
BRH:0
end_of_record
TN:
SF:src/Components/Organisms/CollaborationMenu/CollaborationMenu.js
FN:23,(anonymous_0)
FN:28,(anonymous_1)
FN:59,(anonymous_2)
FNF:3
FNH:3
FNDA:3,(anonymous_0)
FNDA:1,(anonymous_1)
FNDA:18,(anonymous_2)
DA:10,1
DA:23,1
DA:24,3
DA:26,3
DA:28,3
DA:29,1
DA:32,3
DA:60,18
LF:8
LH:8
BRF:0
BRH:0
end_of_record
TN:
SF:src/Components/Organisms/GoogleCommunication/GoogleCommunication.js
FN:25,GoogleCommunication
FN:40,(anonymous_1)
FN:55,(anonymous_2)
FN:60,(anonymous_3)
FN:63,(anonymous_4)
FN:98,(anonymous_5)
FN:105,(anonymous_6)
FN:112,(anonymous_7)
FN:119,(anonymous_8)
FN:129,(anonymous_9)
FNF:10
FNH:1
FNDA:1,GoogleCommunication
FNDA:0,(anonymous_1)
FNDA:0,(anonymous_2)
FNDA:0,(anonymous_3)
FNDA:0,(anonymous_4)
FNDA:0,(anonymous_5)
FNDA:0,(anonymous_6)
FNDA:0,(anonymous_7)
FNDA:0,(anonymous_8)
FNDA:0,(anonymous_9)
DA:20,1
DA:26,1
DA:27,1
DA:38,1
DA:39,1
DA:40,1
DA:41,0
DA:42,0
DA:43,0
DA:44,0
DA:45,0
DA:47,0
DA:49,0
DA:50,0
DA:51,0
DA:55,1
DA:57,0
DA:60,1
DA:61,0
DA:63,1
DA:64,0
DA:66,1
DA:98,0
DA:105,0
DA:112,0
DA:119,0
DA:129,0
LF:27
LH:10
BRDA:43,0,0,0
BRDA:43,0,1,0
BRDA:44,1,0,0
BRDA:44,1,1,0
BRDA:50,2,0,0
BRDA:50,2,1,0
BRDA:57,3,0,0
BRDA:57,3,1,0
BRDA:59,4,0,0
BRDA:59,4,1,0
BRDA:59,5,0,0
BRDA:59,5,1,0
BRF:12
BRH:0
end_of_record
TN:
SF:src/Components/Organisms/GoogleCommunication/Permission.js
FN:4,Permission
FNF:1
FNH:0
FNDA:0,Permission
DA:5,0
LF:1
LH:0
BRF:0
BRH:0
end_of_record
TN:
SF:src/Components/Organisms/GoogleCommunication/TrustGroup.js
FN:5,TrustGroup
FNF:1
FNH:0
FNDA:0,TrustGroup
DA:6,0
LF:1
LH:0
BRF:0
BRH:0
end_of_record
TN:
SF:src/Components/Organisms/TabsNavigation/TabsNavigation.js
FN:13,(anonymous_0)
FN:18,(anonymous_1)
FN:19,(anonymous_2)
FNF:3
FNH:3
FNDA:3,(anonymous_0)
FNDA:12,(anonymous_1)
FNDA:1,(anonymous_2)
DA:7,1
DA:13,1
DA:14,3
DA:15,3
DA:16,3
DA:19,12
DA:30,1
LF:7
LH:7
BRF:0
BRH:0
end_of_record
TN:
SF:src/Components/Organisms/agGrid/AGGridTable.js
FN:36,AGGridTable
FN:47,(anonymous_1)
FN:54,(anonymous_2)
FN:56,(anonymous_3)
FN:58,(anonymous_4)
FN:65,(anonymous_5)
FN:96,(anonymous_6)
FN:100,(anonymous_7)
FN:110,(anonymous_8)
FN:157,(anonymous_9)
FN:177,(anonymous_10)
FN:195,(anonymous_11)
FNF:12
FNH:2
FNDA:2,AGGridTable
FNDA:0,(anonymous_1)
FNDA:3,(anonymous_2)
FNDA:0,(anonymous_3)
FNDA:0,(anonymous_4)
FNDA:0,(anonymous_5)
FNDA:0,(anonymous_6)
FNDA:0,(anonymous_7)
FNDA:0,(anonymous_8)
FNDA:0,(anonymous_9)
FNDA:0,(anonymous_10)
FNDA:0,(anonymous_11)
DA:19,1
DA:37,2
DA:38,2
DA:39,2
DA:41,2
DA:47,2
DA:48,0
DA:54,3
DA:56,2
DA:57,0
DA:58,0
DA:60,0
DA:61,0
DA:65,2
DA:67,0
DA:68,0
DA:69,0
DA:81,0
DA:92,2
DA:94,2
DA:96,2
DA:97,0
DA:100,2
DA:101,0
DA:110,2
DA:111,0
DA:114,2
DA:158,0
DA:178,0
DA:196,0
LF:30
LH:15
BRDA:54,0,0,0
BRDA:54,0,1,3
BRDA:68,1,0,0
BRDA:68,1,1,0
BRDA:68,2,0,0
BRDA:68,2,1,0
BRF:6
BRH:1
end_of_record
TN:
SF:src/Components/Organisms/agGridGroupTable/GridTable.js
FN:33,GridTable
FN:54,(anonymous_1)
FN:70,(anonymous_2)
FN:76,(anonymous_3)
FN:79,(anonymous_4)
FN:88,(anonymous_5)
FN:89,(anonymous_6)
FN:108,(anonymous_7)
FN:117,(anonymous_8)
FN:120,(anonymous_9)
FN:159,(anonymous_10)
FN:167,(anonymous_11)
FN:175,(anonymous_12)
FN:183,(anonymous_13)
FN:191,(anonymous_14)
FNF:15
FNH:5
FNDA:3,GridTable
FNDA:0,(anonymous_1)
FNDA:1,(anonymous_2)
FNDA:1,(anonymous_3)
FNDA:2,(anonymous_4)
FNDA:2,(anonymous_5)
FNDA:0,(anonymous_6)
FNDA:0,(anonymous_7)
FNDA:0,(anonymous_8)
FNDA:0,(anonymous_9)
FNDA:0,(anonymous_10)
FNDA:0,(anonymous_11)
FNDA:0,(anonymous_12)
FNDA:0,(anonymous_13)
FNDA:0,(anonymous_14)
DA:21,1
DA:22,1
DA:34,3
DA:35,3
DA:51,3
DA:52,3
DA:54,3
DA:55,0
DA:56,0
DA:57,0
DA:58,0
DA:59,0
DA:60,0
DA:61,0
DA:62,0
DA:63,0
DA:66,0
DA:68,3
DA:70,3
DA:71,1
DA:72,0
DA:76,3
DA:77,1
DA:79,3
DA:80,2
DA:81,2
DA:83,0
DA:84,0
DA:86,0
DA:88,3
DA:89,3
DA:90,0
DA:91,0
DA:92,0
DA:93,0
DA:96,0
DA:97,0
DA:98,0
DA:100,0
DA:102,0
DA:103,0
DA:104,0
DA:108,3
DA:109,0
DA:117,3
DA:119,0
DA:120,3
DA:121,0
DA:123,3
DA:159,0
DA:167,0
DA:175,0
DA:183,0
DA:192,0
LF:54
LH:21
BRDA:58,0,0,0
BRDA:58,0,1,0
BRDA:71,1,0,0
BRDA:71,1,1,1
BRDA:80,2,0,2
BRDA:80,2,1,0
BRDA:83,3,0,0
BRDA:83,3,1,0
BRDA:88,4,0,2
BRDA:88,4,1,0
BRDA:92,5,0,0
BRDA:92,5,1,0
BRDA:96,6,0,0
BRDA:96,6,1,0
BRDA:97,7,0,0
BRDA:97,7,1,0
BRDA:103,8,0,0
BRDA:103,8,1,0
BRDA:119,9,0,0
BRDA:119,9,1,0
BRF:20
BRH:3
end_of_record
TN:
SF:src/Components/Organisms/agGridGroupTable/GroupRowInnerRenderer.js
FN:8,(anonymous_0)
FNF:1
FNH:0
FNDA:0,(anonymous_0)
DA:7,1
DA:9,0
DA:10,0
LF:3
LH:1
BRF:0
BRH:0
end_of_record
TN:
SF:src/Components/Organisms/dropDown/DropDown.js
FN:17,(anonymous_0)
FN:33,(anonymous_1)
FN:38,(anonymous_2)
FN:46,(anonymous_3)
FN:51,(anonymous_4)
FN:55,(anonymous_5)
FN:71,(anonymous_6)
FN:79,(anonymous_7)
FNF:8
FNH:7
FNDA:5,(anonymous_0)
FNDA:7,(anonymous_1)
FNDA:7,(anonymous_2)
FNDA:10,(anonymous_3)
FNDA:1,(anonymous_4)
FNDA:0,(anonymous_5)
FNDA:2,(anonymous_6)
FNDA:11,(anonymous_7)
DA:17,5
DA:33,7
DA:38,3
DA:42,7
DA:43,7
DA:44,7
DA:45,7
DA:46,6
DA:47,10
DA:51,7
DA:52,1
DA:53,1
DA:55,7
DA:56,0
DA:58,7
DA:59,7
DA:60,7
DA:72,2
DA:81,11
DA:100,3
LF:20
LH:19
BRDA:45,0,0,6
BRDA:45,0,1,1
BRDA:47,1,0,10
BRDA:47,1,1,0
BRDA:58,2,0,2
BRDA:58,2,1,5
BRDA:72,3,0,0
BRDA:72,3,1,2
BRDA:77,4,0,2
BRDA:77,4,1,5
BRDA:81,5,0,11
BRDA:81,5,1,11
BRDA:83,6,0,3
BRDA:83,6,1,8
BRDA:89,7,0,7
BRDA:89,7,1,5
BRF:16
BRH:14
end_of_record
TN:
SF:src/Components/Organisms/sideNavigation/SideNavigation.js
FN:35,SideNavigation
FNF:1
FNH:1
FNDA:2,SideNavigation
DA:13,1
DA:36,2
DA:37,2
DA:38,2
LF:4
LH:4
BRF:0
BRH:0
end_of_record
TN:
SF:src/Components/Organisms/toolBar/ToolBar.js
FN:10,(anonymous_0)
FN:26,(anonymous_1)
FN:33,(anonymous_2)
FN:37,(anonymous_3)
FN:55,(anonymous_4)
FN:72,(anonymous_5)
FNF:6
FNH:4
FNDA:2,(anonymous_0)
FNDA:3,(anonymous_1)
FNDA:1,(anonymous_2)
FNDA:0,(anonymous_3)
FNDA:12,(anonymous_4)
FNDA:0,(anonymous_5)
DA:10,2
DA:26,1
DA:30,3
DA:31,3
DA:32,3
DA:33,3
DA:34,1
DA:37,3
DA:38,0
DA:40,3
DA:41,3
DA:43,3
DA:56,12
DA:72,0
DA:81,1
LF:15
LH:13
BRDA:71,0,0,3
BRDA:71,0,1,1
BRF:2
BRH:2
end_of_record
TN:
SF:src/Components/Organisms/topHeader/TopHeader.js
FN:19,(anonymous_0)
FNF:1
FNH:1
FNDA:1,(anonymous_0)
DA:10,1
DA:19,1
DA:20,1
DA:21,1
LF:4
LH:4
BRF:0
BRH:0
end_of_record
